# JRE version: OpenJDK Runtime Environment (8.0_202-b03) (build 1.8.0_202-release-1483-b03)
# Java VM: OpenJDK 64-Bit Server VM (25.202-b03 mixed mode windows-amd64 compressed oops)
Heap:
 PSYoungGen      total 376832K, used 136390K [0x00000000e0000000, 0x0000000100000000, 0x0000000100000000)
  eden space 251904K, 17% used [0x00000000e0000000,0x00000000e2a69ab0,0x00000000ef600000)
  from space 124928K, 74% used [0x00000000f7c00000,0x00000000fd6c7f48,0x00000000ff600000)
  to   space 136192K, 0% used [0x00000000ef600000,0x00000000ef600000,0x00000000f7b00000)
 ParOldGen       total 306688K, used 255615K [0x00000000a0000000, 0x00000000b2b80000, 0x00000000e0000000)
  object space 306688K, 83% used [0x00000000a0000000,0x00000000af99fdc0,0x00000000b2b80000)
 Metaspace       used 145589K, capacity 152046K, committed 152268K, reserved 1183744K
  class space    used 17671K, capacity 18904K, committed 18944K, reserved 1048576K
GC Heap History (10 events):
Event: 3524.511 GC heap before
{Heap before GC invocations=42 (full 4):
 PSYoungGen      total 262656K, used 262534K [0x00000000e0000000, 0x00000000ff780000, 0x0000000100000000)
  eden space 253440K, 100% used [0x00000000e0000000,0x00000000ef780000,0x00000000ef780000)
  from space 9216K, 98% used [0x00000000ef780000,0x00000000f0061920,0x00000000f0080000)
  to   space 131072K, 0% used [0x00000000f7780000,0x00000000f7780000,0x00000000ff780000)
 ParOldGen       total 306688K, used 226360K [0x00000000a0000000, 0x00000000b2b80000, 0x00000000e0000000)
  object space 306688K, 73% used [0x00000000a0000000,0x00000000add0e258,0x00000000b2b80000)
 Metaspace       used 138534K, capacity 144678K, committed 144844K, reserved 1175552K
  class space    used 16887K, capacity 18062K, committed 18176K, reserved 1048576K
Event: 3524.613 GC heap after
Heap after GC invocations=42 (full 4):
 PSYoungGen      total 374784K, used 89708K [0x00000000e0000000, 0x0000000100000000, 0x0000000100000000)
  eden space 243712K, 0% used [0x00000000e0000000,0x00000000e0000000,0x00000000eee00000)
  from space 131072K, 68% used [0x00000000f7780000,0x00000000fcf1b168,0x00000000ff780000)
  to   space 140288K, 0% used [0x00000000eee00000,0x00000000eee00000,0x00000000f7700000)
 ParOldGen       total 306688K, used 226368K [0x00000000a0000000, 0x00000000b2b80000, 0x00000000e0000000)
  object space 306688K, 73% used [0x00000000a0000000,0x00000000add10258,0x00000000b2b80000)
 Metaspace       used 138534K, capacity 144678K, committed 144844K, reserved 1175552K
  class space    used 16887K, capacity 18062K, committed 18176K, reserved 1048576K
}
Event: 3527.887 GC heap before
{Heap before GC invocations=43 (full 4):
 PSYoungGen      total 374784K, used 333420K [0x00000000e0000000, 0x0000000100000000, 0x0000000100000000)
  eden space 243712K, 100% used [0x00000000e0000000,0x00000000eee00000,0x00000000eee00000)
  from space 131072K, 68% used [0x00000000f7780000,0x00000000fcf1b168,0x00000000ff780000)
  to   space 140288K, 0% used [0x00000000eee00000,0x00000000eee00000,0x00000000f7700000)
 ParOldGen       total 306688K, used 226368K [0x00000000a0000000, 0x00000000b2b80000, 0x00000000e0000000)
  object space 306688K, 73% used [0x00000000a0000000,0x00000000add10258,0x00000000b2b80000)
 Metaspace       used 138579K, capacity 144710K, committed 145100K, reserved 1175552K
  class space    used 16889K, capacity 18066K, committed 18176K, reserved 1048576K
Event: 3528.011 GC heap after
Heap after GC invocations=43 (full 4):
 PSYoungGen      total 384000K, used 39403K [0x00000000e0000000, 0x00000000ff900000, 0x0000000100000000)
  eden space 243712K, 0% used [0x00000000e0000000,0x00000000e0000000,0x00000000eee00000)
  from space 140288K, 28% used [0x00000000eee00000,0x00000000f147ae00,0x00000000f7700000)
  to   space 132096K, 0% used [0x00000000f7800000,0x00000000f7800000,0x00000000ff900000)
 ParOldGen       total 306688K, used 238229K [0x00000000a0000000, 0x00000000b2b80000, 0x00000000e0000000)
  object space 306688K, 77% used [0x00000000a0000000,0x00000000ae8a5738,0x00000000b2b80000)
 Metaspace       used 138579K, capacity 144710K, committed 145100K, reserved 1175552K
  class space    used 16889K, capacity 18066K, committed 18176K, reserved 1048576K
}
Event: 3529.455 GC heap before
{Heap before GC invocations=44 (full 4):
 PSYoungGen      total 384000K, used 283115K [0x00000000e0000000, 0x00000000ff900000, 0x0000000100000000)
  eden space 243712K, 100% used [0x00000000e0000000,0x00000000eee00000,0x00000000eee00000)
  from space 140288K, 28% used [0x00000000eee00000,0x00000000f147ae00,0x00000000f7700000)
  to   space 132096K, 0% used [0x00000000f7800000,0x00000000f7800000,0x00000000ff900000)
 ParOldGen       total 306688K, used 238229K [0x00000000a0000000, 0x00000000b2b80000, 0x00000000e0000000)
  object space 306688K, 77% used [0x00000000a0000000,0x00000000ae8a5738,0x00000000b2b80000)
 Metaspace       used 138585K, capacity 144710K, committed 145100K, reserved 1175552K
  class space    used 16890K, capacity 18066K, committed 18176K, reserved 1048576K
Event: 3529.470 GC heap after
Heap after GC invocations=44 (full 4):
 PSYoungGen      total 380928K, used 256K [0x00000000e0000000, 0x00000000ff600000, 0x0000000100000000)
  eden space 251904K, 0% used [0x00000000e0000000,0x00000000e0000000,0x00000000ef600000)
  from space 129024K, 0% used [0x00000000f7800000,0x00000000f7840000,0x00000000ff600000)
  to   space 131072K, 0% used [0x00000000ef600000,0x00000000ef600000,0x00000000f7600000)
 ParOldGen       total 306688K, used 239189K [0x00000000a0000000, 0x00000000b2b80000, 0x00000000e0000000)
  object space 306688K, 77% used [0x00000000a0000000,0x00000000ae995790,0x00000000b2b80000)
 Metaspace       used 138585K, capacity 144710K, committed 145100K, reserved 1175552K
  class space    used 16890K, capacity 18066K, committed 18176K, reserved 1048576K
}
Event: 4285.091 GC heap before
{Heap before GC invocations=45 (full 4):
 PSYoungGen      total 380928K, used 252160K [0x00000000e0000000, 0x00000000ff600000, 0x0000000100000000)
  eden space 251904K, 100% used [0x00000000e0000000,0x00000000ef600000,0x00000000ef600000)
  from space 129024K, 0% used [0x00000000f7800000,0x00000000f7840000,0x00000000ff600000)
  to   space 131072K, 0% used [0x00000000ef600000,0x00000000ef600000,0x00000000f7600000)
 ParOldGen       total 306688K, used 239189K [0x00000000a0000000, 0x00000000b2b80000, 0x00000000e0000000)
  object space 306688K, 77% used [0x00000000a0000000,0x00000000ae995790,0x00000000b2b80000)
 Metaspace       used 139131K, capacity 145518K, committed 145740K, reserved 1177600K
  class space    used 16954K, capacity 18200K, committed 18304K, reserved 1048576K
Event: 4285.121 GC heap after
Heap after GC invocations=45 (full 4):
 PSYoungGen      total 382976K, used 25080K [0x00000000e0000000, 0x00000000ff600000, 0x0000000100000000)
  eden space 251904K, 0% used [0x00000000e0000000,0x00000000e0000000,0x00000000ef600000)
  from space 131072K, 19% used [0x00000000ef600000,0x00000000f0e7e180,0x00000000f7600000)
  to   space 124928K, 0% used [0x00000000f7c00000,0x00000000f7c00000,0x00000000ff600000)
 ParOldGen       total 306688K, used 239258K [0x00000000a0000000, 0x00000000b2b80000, 0x00000000e0000000)
  object space 306688K, 78% used [0x00000000a0000000,0x00000000ae9a6af0,0x00000000b2b80000)
 Metaspace       used 139131K, capacity 145518K, committed 145740K, reserved 1177600K
  class space    used 16954K, capacity 18200K, committed 18304K, reserved 1048576K
}
Event: 4287.574 GC heap before
{Heap before GC invocations=46 (full 4):
 PSYoungGen      total 382976K, used 276984K [0x00000000e0000000, 0x00000000ff600000, 0x0000000100000000)
  eden space 251904K, 100% used [0x00000000e0000000,0x00000000ef600000,0x00000000ef600000)
  from space 131072K, 19% used [0x00000000ef600000,0x00000000f0e7e180,0x00000000f7600000)
  to   space 124928K, 0% used [0x00000000f7c00000,0x00000000f7c00000,0x00000000ff600000)
 ParOldGen       total 306688K, used 239258K [0x00000000a0000000, 0x00000000b2b80000, 0x00000000e0000000)
  object space 306688K, 78% used [0x00000000a0000000,0x00000000ae9a6af0,0x00000000b2b80000)
 Metaspace       used 145575K, capacity 151982K, committed 152268K, reserved 1183744K
  class space    used 17671K, capacity 18904K, committed 18944K, reserved 1048576K
Event: 4287.753 GC heap after
Heap after GC invocations=46 (full 4):
 PSYoungGen      total 376832K, used 92959K [0x00000000e0000000, 0x0000000100000000, 0x0000000100000000)
  eden space 251904K, 0% used [0x00000000e0000000,0x00000000e0000000,0x00000000ef600000)
  from space 124928K, 74% used [0x00000000f7c00000,0x00000000fd6c7f48,0x00000000ff600000)
  to   space 136192K, 0% used [0x00000000ef600000,0x00000000ef600000,0x00000000f7b00000)
 ParOldGen       total 306688K, used 255615K [0x00000000a0000000, 0x00000000b2b80000, 0x00000000e0000000)
  object space 306688K, 83% used [0x00000000a0000000,0x00000000af99fdc0,0x00000000b2b80000)
 Metaspace       used 145575K, capacity 151982K, committed 152268K, reserved 1183744K
  class space    used 17671K, capacity 18904K, committed 18944K, reserved 1048576K
}

